# JRE version: OpenJDK Runtime Environment OpenLogic-OpenJDK (17.0.10+7) (build 17.0.10+7-adhoc..jdk17u)
# Java VM: OpenJDK 64-Bit Server VM OpenLogic-OpenJDK (17.0.10+7-adhoc..jdk17u, mixed mode, sharing, tiered, compressed oops, compressed class ptrs, g1 gc, windows-amd64)
GC Precious Log:
 CPUs: 4 total, 4 available
 Memory: 16326M
 Large Page Support: Disabled
 NUMA Support: Disabled
 Compressed Oops: Enabled (Zero based)
 Heap Region Size: 2M
 Heap Min Capacity: 8M
 Heap Initial Capacity: 256M
 Heap Max Capacity: 4082M
 Pre-touch: Disabled
 Parallel Workers: 4
 Concurrent Workers: 1
 Concurrent Refinement Workers: 4
 Periodic GC: Disabled
Heap:
 garbage-first heap   total 49152K, used 27347K [0x0000000700e00000, 0x0000000800000000)
  region size 2048K, 8 young (16384K), 1 survivors (2048K)
 Metaspace       used 33639K, committed 34048K, reserved 1114112K
  class space    used 4265K, committed 4480K, reserved 1048576K
GC Heap History (12 events):
Event: 0.551 GC heap before
{Heap before GC invocations=0 (full 0):
 garbage-first heap   total 262144K, used 12288K [0x0000000700e00000, 0x0000000800000000)
  region size 2048K, 6 young (12288K), 0 survivors (0K)
 Metaspace       used 4436K, committed 4608K, reserved 1114112K
  class space    used 458K, committed 512K, reserved 1048576K
}
Event: 0.554 GC heap after
{Heap after GC invocations=1 (full 0):
 garbage-first heap   total 262144K, used 3829K [0x0000000700e00000, 0x0000000800000000)
  region size 2048K, 1 young (2048K), 1 survivors (2048K)
 Metaspace       used 4436K, committed 4608K, reserved 1114112K
  class space    used 458K, committed 512K, reserved 1048576K
}
Event: 0.884 GC heap before
{Heap before GC invocations=1 (full 0):
 garbage-first heap   total 262144K, used 16117K [0x0000000700e00000, 0x0000000800000000)
  region size 2048K, 7 young (14336K), 1 survivors (2048K)
 Metaspace       used 7738K, committed 8000K, reserved 1114112K
  class space    used 880K, committed 1024K, reserved 1048576K
}
Event: 0.887 GC heap after
{Heap after GC invocations=2 (full 0):
 garbage-first heap   total 262144K, used 5064K [0x0000000700e00000, 0x0000000800000000)
  region size 2048K, 1 young (2048K), 1 survivors (2048K)
 Metaspace       used 7738K, committed 8000K, reserved 1114112K
  class space    used 880K, committed 1024K, reserved 1048576K
}
Event: 1.519 GC heap before
{Heap before GC invocations=2 (full 0):
 garbage-first heap   total 262144K, used 35784K [0x0000000700e00000, 0x0000000800000000)
  region size 2048K, 16 young (32768K), 1 survivors (2048K)
 Metaspace       used 13956K, committed 14272K, reserved 1114112K
  class space    used 1751K, committed 1920K, reserved 1048576K
}
Event: 1.522 GC heap after
{Heap after GC invocations=3 (full 0):
 garbage-first heap   total 262144K, used 6983K [0x0000000700e00000, 0x0000000800000000)
  region size 2048K, 2 young (4096K), 2 survivors (4096K)
 Metaspace       used 13956K, committed 14272K, reserved 1114112K
  class space    used 1751K, committed 1920K, reserved 1048576K
}
Event: 4.966 GC heap before
{Heap before GC invocations=3 (full 0):
 garbage-first heap   total 262144K, used 43847K [0x0000000700e00000, 0x0000000800000000)
  region size 2048K, 22 young (45056K), 2 survivors (4096K)
 Metaspace       used 21120K, committed 21504K, reserved 1114112K
  class space    used 2672K, committed 2880K, reserved 1048576K
}
Event: 4.971 GC heap after
{Heap after GC invocations=4 (full 0):
 garbage-first heap   total 262144K, used 10095K [0x0000000700e00000, 0x0000000800000000)
  region size 2048K, 4 young (8192K), 4 survivors (8192K)
 Metaspace       used 21120K, committed 21504K, reserved 1114112K
  class space    used 2672K, committed 2880K, reserved 1048576K
}
Event: 11.101 GC heap before
{Heap before GC invocations=5 (full 0):
 garbage-first heap   total 49152K, used 30575K [0x0000000700e00000, 0x0000000800000000)
  region size 2048K, 14 young (28672K), 4 survivors (8192K)
 Metaspace       used 28310K, committed 28736K, reserved 1114112K
  class space    used 3628K, committed 3840K, reserved 1048576K
}
Event: 11.108 GC heap after
{Heap after GC invocations=6 (full 0):
 garbage-first heap   total 49152K, used 14115K [0x0000000700e00000, 0x0000000800000000)
  region size 2048K, 2 young (4096K), 2 survivors (4096K)
 Metaspace       used 28310K, committed 28736K, reserved 1114112K
  class space    used 3628K, committed 3840K, reserved 1048576K
}
Event: 11.281 GC heap before
{Heap before GC invocations=6 (full 0):
 garbage-first heap   total 49152K, used 16163K [0x0000000700e00000, 0x0000000800000000)
  region size 2048K, 3 young (6144K), 2 survivors (4096K)
 Metaspace       used 29600K, committed 30016K, reserved 1114112K
  class space    used 3777K, committed 3968K, reserved 1048576K
}
Event: 11.285 GC heap after
{Heap after GC invocations=7 (full 0):
 garbage-first heap   total 49152K, used 15059K [0x0000000700e00000, 0x0000000800000000)
  region size 2048K, 1 young (2048K), 1 survivors (2048K)
 Metaspace       used 29600K, committed 30016K, reserved 1114112K
  class space    used 3777K, committed 3968K, reserved 1048576K
}

